# JRE version: Java(TM) SE Runtime Environment (17.0.7+8) (build 17.0.7+8-LTS-224)
# Java VM: Java HotSpot(TM) 64-Bit Server VM (17.0.7+8-LTS-224, mixed mode, sharing, tiered, compressed oops, compressed class ptrs, g1 gc, windows-amd64)
GC Precious Log:
 CPUs: 8 total, 8 available
 Memory: 16086M
 Large Page Support: Disabled
 NUMA Support: Disabled
 Compressed Oops: Enabled (Zero based)
 Heap Region Size: 2M
 Heap Min Capacity: 8M
 Heap Initial Capacity: 252M
 Heap Max Capacity: 4022M
 Pre-touch: Disabled
 Parallel Workers: 8
 Concurrent Workers: 2
 Concurrent Refinement Workers: 8
 Periodic GC: Disabled
Heap:
 garbage-first heap   total 229376K, used 121486K [0x0000000704a00000, 0x0000000800000000)
  region size 2048K, 1 young (2048K), 1 survivors (2048K)
 Metaspace       used 78073K, committed 78592K, reserved 1122304K
  class space    used 9866K, committed 10112K, reserved 1048576K
GC Heap History (20 events):
Event: 5.453 GC heap after
{Heap after GC invocations=17 (full 0):
 garbage-first heap   total 190464K, used 58332K [0x0000000704a00000, 0x0000000800000000)
  region size 2048K, 5 young (10240K), 5 survivors (10240K)
 Metaspace       used 46637K, committed 47104K, reserved 1097728K
  class space    used 5843K, committed 6080K, reserved 1048576K
}
Event: 5.960 GC heap before
{Heap before GC invocations=17 (full 0):
 garbage-first heap   total 190464K, used 148444K [0x0000000704a00000, 0x0000000800000000)
  region size 2048K, 49 young (100352K), 5 survivors (10240K)
 Metaspace       used 50751K, committed 51200K, reserved 1097728K
  class space    used 6318K, committed 6528K, reserved 1048576K
}
Event: 5.968 GC heap after
{Heap after GC invocations=18 (full 0):
 garbage-first heap   total 190464K, used 63863K [0x0000000704a00000, 0x0000000800000000)
  region size 2048K, 6 young (12288K), 6 survivors (12288K)
 Metaspace       used 50751K, committed 51200K, reserved 1097728K
  class space    used 6318K, committed 6528K, reserved 1048576K
}
Event: 6.422 GC heap before
{Heap before GC invocations=18 (full 0):
 garbage-first heap   total 190464K, used 149879K [0x0000000704a00000, 0x0000000800000000)
  region size 2048K, 48 young (98304K), 6 survivors (12288K)
 Metaspace       used 56343K, committed 56832K, reserved 1105920K
  class space    used 7000K, committed 7232K, reserved 1048576K
}
Event: 6.432 GC heap after
{Heap after GC invocations=19 (full 0):
 garbage-first heap   total 190464K, used 69556K [0x0000000704a00000, 0x0000000800000000)
  region size 2048K, 6 young (12288K), 6 survivors (12288K)
 Metaspace       used 56343K, committed 56832K, reserved 1105920K
  class space    used 7000K, committed 7232K, reserved 1048576K
}
Event: 6.776 GC heap before
{Heap before GC invocations=19 (full 0):
 garbage-first heap   total 190464K, used 133044K [0x0000000704a00000, 0x0000000800000000)
  region size 2048K, 38 young (77824K), 6 survivors (12288K)
 Metaspace       used 60063K, committed 60480K, reserved 1105920K
  class space    used 7453K, committed 7680K, reserved 1048576K
}
Event: 6.785 GC heap after
{Heap after GC invocations=20 (full 0):
 garbage-first heap   total 190464K, used 72648K [0x0000000704a00000, 0x0000000800000000)
  region size 2048K, 5 young (10240K), 5 survivors (10240K)
 Metaspace       used 60063K, committed 60480K, reserved 1105920K
  class space    used 7453K, committed 7680K, reserved 1048576K
}
Event: 7.227 GC heap before
{Heap before GC invocations=21 (full 0):
 garbage-first heap   total 190464K, used 152520K [0x0000000704a00000, 0x0000000800000000)
  region size 2048K, 44 young (90112K), 5 survivors (10240K)
 Metaspace       used 65137K, committed 65536K, reserved 1114112K
  class space    used 8178K, committed 8384K, reserved 1048576K
}
Event: 7.234 GC heap after
{Heap after GC invocations=22 (full 0):
 garbage-first heap   total 190464K, used 77088K [0x0000000704a00000, 0x0000000800000000)
  region size 2048K, 5 young (10240K), 5 survivors (10240K)
 Metaspace       used 65137K, committed 65536K, reserved 1114112K
  class space    used 8178K, committed 8384K, reserved 1048576K
}
Event: 7.639 GC heap before
{Heap before GC invocations=22 (full 0):
 garbage-first heap   total 190464K, used 152864K [0x0000000704a00000, 0x0000000800000000)
  region size 2048K, 42 young (86016K), 5 survivors (10240K)
 Metaspace       used 69391K, committed 69952K, reserved 1114112K
  class space    used 8683K, committed 8960K, reserved 1048576K
}
Event: 7.650 GC heap after
{Heap after GC invocations=23 (full 0):
 garbage-first heap   total 229376K, used 82429K [0x0000000704a00000, 0x0000000800000000)
  region size 2048K, 5 young (10240K), 5 survivors (10240K)
 Metaspace       used 69391K, committed 69952K, reserved 1114112K
  class space    used 8683K, committed 8960K, reserved 1048576K
}
Event: 8.109 GC heap before
{Heap before GC invocations=23 (full 0):
 garbage-first heap   total 229376K, used 182781K [0x0000000704a00000, 0x0000000800000000)
  region size 2048K, 54 young (110592K), 5 survivors (10240K)
 Metaspace       used 73538K, committed 74048K, reserved 1114112K
  class space    used 9324K, committed 9600K, reserved 1048576K
}
Event: 8.119 GC heap after
{Heap after GC invocations=24 (full 0):
 garbage-first heap   total 229376K, used 101560K [0x0000000704a00000, 0x0000000800000000)
  region size 2048K, 7 young (14336K), 7 survivors (14336K)
 Metaspace       used 73538K, committed 74048K, reserved 1114112K
  class space    used 9324K, committed 9600K, reserved 1048576K
}
Event: 8.438 GC heap before
{Heap before GC invocations=24 (full 0):
 garbage-first heap   total 229376K, used 175288K [0x0000000704a00000, 0x0000000800000000)
  region size 2048K, 43 young (88064K), 7 survivors (14336K)
 Metaspace       used 75182K, committed 75712K, reserved 1122304K
  class space    used 9541K, committed 9792K, reserved 1048576K
}
Event: 8.446 GC heap after
{Heap after GC invocations=25 (full 0):
 garbage-first heap   total 229376K, used 107531K [0x0000000704a00000, 0x0000000800000000)
  region size 2048K, 3 young (6144K), 3 survivors (6144K)
 Metaspace       used 75182K, committed 75712K, reserved 1122304K
  class space    used 9541K, committed 9792K, reserved 1048576K
}
Event: 8.728 GC heap before
{Heap before GC invocations=25 (full 0):
 garbage-first heap   total 229376K, used 177163K [0x0000000704a00000, 0x0000000800000000)
  region size 2048K, 37 young (75776K), 3 survivors (6144K)
 Metaspace       used 77126K, committed 77696K, reserved 1122304K
  class space    used 9759K, committed 10048K, reserved 1048576K
}
Event: 8.734 GC heap after
{Heap after GC invocations=26 (full 0):
 garbage-first heap   total 229376K, used 109832K [0x0000000704a00000, 0x0000000800000000)
  region size 2048K, 4 young (8192K), 4 survivors (8192K)
 Metaspace       used 77126K, committed 77696K, reserved 1122304K
  class space    used 9759K, committed 10048K, reserved 1048576K
}
Event: 9.102 GC heap before
{Heap before GC invocations=27 (full 0):
 garbage-first heap   total 229376K, used 181512K [0x0000000704a00000, 0x0000000800000000)
  region size 2048K, 39 young (79872K), 4 survivors (8192K)
 Metaspace       used 78072K, committed 78592K, reserved 1122304K
  class space    used 9866K, committed 10112K, reserved 1048576K
}
Event: 9.111 GC heap after
{Heap after GC invocations=28 (full 0):
 garbage-first heap   total 229376K, used 119734K [0x0000000704a00000, 0x0000000800000000)
  region size 2048K, 5 young (10240K), 5 survivors (10240K)
 Metaspace       used 78072K, committed 78592K, reserved 1122304K
  class space    used 9866K, committed 10112K, reserved 1048576K
}
Event: 9.117 GC heap before
{Heap before GC invocations=28 (full 0):
 garbage-first heap   total 229376K, used 121782K [0x0000000704a00000, 0x0000000800000000)
  region size 2048K, 6 young (12288K), 5 survivors (10240K)
 Metaspace       used 78073K, committed 78592K, reserved 1122304K
  class space    used 9866K, committed 10112K, reserved 1048576K
}

